2019-05-30 11:12:54 INFO  ProductController:37 - ProductController.class-->getProductsByName() parameter name:ozay
2019-05-30 11:14:40 INFO  ProductController:45 - ProductController.class-->createProduct() parameter:Product[productId=0,name=Cola,price=100.0]
2019-05-30 11:16:45 INFO  ProductController:45 - ProductController.class-->createProduct() parameter:Product[productId=0,name=Çay,price=5.0]
2019-05-30 11:19:57 INFO  ProductController:55 - ProductController.class-->updateProduct() parameter:Product[productId=0,name=Çay,price=6.0],id=1
2019-05-30 11:20:07 INFO  ProductController:55 - ProductController.class-->updateProduct() parameter:Product[productId=0,name=Çay,price=6.0],id=1
2019-05-30 11:23:55 INFO  ProductController:55 - ProductController.class-->updateProduct() parameter:Product[productId=0,name=Çay,price=6.0],id=1
2019-05-30 11:24:47 INFO  ProductController:54 - ProductController.class-->updateProduct() parameter:Product[productId=0,name=Çay,price=6.0],id=1
2019-05-30 14:45:13 INFO  ProductController:82 - ProductController.class-->updateProduct() parameter:Product[productId=0,name=Çay,price=6.0],id=1
2019-05-30 14:45:20 INFO  ProductController:82 - ProductController.class-->updateProduct() parameter:Product[productId=0,name=Çay,price=6.0],id=-3
2019-05-30 14:45:22 INFO  ProductController:82 - ProductController.class-->updateProduct() parameter:Product[productId=0,name=Çay,price=6.0],id=-3
2019-05-30 14:45:22 INFO  ProductController:82 - ProductController.class-->updateProduct() parameter:Product[productId=0,name=Çay,price=6.0],id=-3
2019-05-30 14:45:23 INFO  ProductController:82 - ProductController.class-->updateProduct() parameter:Product[productId=0,name=Çay,price=6.0],id=-3
2019-05-30 14:45:35 INFO  ProductController:82 - ProductController.class-->updateProduct() parameter:Product[productId=0,name=Çay,price=6.0],id=-3
2019-05-30 14:45:45 INFO  ProductController:82 - ProductController.class-->updateProduct() parameter:Product[productId=0,name=Çay,price=6.0],id=12
2019-05-30 14:46:07 INFO  ProductController:82 - ProductController.class-->updateProduct() parameter:Product[productId=0,name=Çay,price=6.0],id=1
2019-05-30 14:48:33 INFO  ProductController:49 - ProductController.class-->getProductsByName() parameter name:Cola
2019-05-30 14:48:43 INFO  ProductController:49 - ProductController.class-->getProductsByName() parameter name:Cay
2019-05-30 14:49:47 INFO  ProductController:49 - ProductController.class-->getProductsByName() parameter name:Çay
2019-05-30 14:51:31 INFO  ProductController:82 - ProductController.class-->updateProduct() parameter:Product[productId=1,name=Cola,price=6.0],id=1
2019-05-30 14:52:05 INFO  ProductController:94 - ProductController.class-->deleteProduct() parameter:1
